0 info it worked if it ends with ok
1 verbose cli [ 'C:\\Program Files\\nodejs\\\\node.exe',
1 verbose cli   'C:\\Program Files\\nodejs\\node_modules\\npm\\bin\\npm-cli.js',
1 verbose cli   'install',
1 verbose cli   '-g',
1 verbose cli   'create-react-app' ]
2 info using npm@1.4.28
3 info using node@v0.10.40
4 verbose node symlink C:\Program Files\nodejs\\node.exe
5 verbose cache add [ 'create-react-app', null ]
6 verbose cache add name=undefined spec="create-react-app" args=["create-react-app",null]
7 verbose parsed url { protocol: null,
7 verbose parsed url   slashes: null,
7 verbose parsed url   auth: null,
7 verbose parsed url   host: null,
7 verbose parsed url   port: null,
7 verbose parsed url   hostname: null,
7 verbose parsed url   hash: null,
7 verbose parsed url   search: null,
7 verbose parsed url   query: null,
7 verbose parsed url   pathname: 'create-react-app',
7 verbose parsed url   path: 'create-react-app',
7 verbose parsed url   href: 'create-react-app' }
8 silly lockFile 12ca563e-create-react-app create-react-app
9 verbose lock create-react-app C:\Users\lenovo\AppData\Roaming\npm-cache\12ca563e-create-react-app.lock
10 silly lockFile 12ca563e-create-react-app create-react-app
11 silly lockFile 12ca563e-create-react-app create-react-app
12 verbose addNamed [ 'create-react-app', '' ]
13 verbose addNamed [ null, '*' ]
14 silly lockFile e90bd262-create-react-app create-react-app@
15 verbose lock create-react-app@ C:\Users\lenovo\AppData\Roaming\npm-cache\e90bd262-create-react-app.lock
16 silly addNameRange { name: 'create-react-app', range: '*', hasData: false }
17 verbose request where is /create-react-app
18 verbose request registry https://registry.npmjs.org/
19 verbose request id 359ef89b0e5cca8f
20 verbose url raw /create-react-app
21 verbose url resolving [ 'https://registry.npmjs.org/', './create-react-app' ]
22 verbose url resolved https://registry.npmjs.org/create-react-app
23 verbose request where is https://registry.npmjs.org/create-react-app
24 info trying registry request attempt 1 at 18:40:13
25 http GET https://registry.npmjs.org/create-react-app
26 info retry will retry, error on last attempt: Error: getaddrinfo ENOTFOUND
27 info trying registry request attempt 2 at 18:40:35
28 http GET https://registry.npmjs.org/create-react-app
29 http 200 https://registry.npmjs.org/create-react-app
30 silly registry.get cb [ 200,
30 silly registry.get   { date: 'Wed, 24 Feb 2021 17:41:06 GMT',
30 silly registry.get     'content-type': 'application/json',
30 silly registry.get     'transfer-encoding': 'chunked',
30 silly registry.get     connection: 'keep-alive',
30 silly registry.get     'set-cookie': [ '__cfduid=d49004ab14579df711b990f250acb55701614188464; expires=Fri, 26-Mar-21 17:41:04 GMT; path=/; domain=.npmjs.org; HttpOnly; SameSite=Lax' ],
30 silly registry.get     'cf-ray': '626af9b12a7ec4ec-LOS',
30 silly registry.get     'cache-control': 'public, max-age=300',
30 silly registry.get     etag: 'W/"e94809b80af4aec3ee59359cb97d2530"',
30 silly registry.get     'last-modified': 'Mon, 22 Feb 2021 18:22:30 GMT',
30 silly registry.get     vary: 'accept-encoding, accept',
30 silly registry.get     'cf-cache-status': 'EXPIRED',
30 silly registry.get     'cf-request-id': '0876ba62ba0000c4ecbebae000000001',
30 silly registry.get     'expect-ct': 'max-age=604800, report-uri="https://report-uri.cloudflare.com/cdn-cgi/beacon/expect-ct"',
30 silly registry.get     server: 'cloudflare',
30 silly registry.get     'content-encoding': 'gzip' } ]
31 silly addNameRange number 2 { name: 'create-react-app', range: '*', hasData: true }
32 silly addNameRange versions [ 'create-react-app',
32 silly addNameRange   [ '0.0.0',
32 silly addNameRange     '0.1.0',
32 silly addNameRange     '0.2.0-alpha.1',
32 silly addNameRange     '0.2.0',
32 silly addNameRange     '0.3.0',
32 silly addNameRange     '0.4.2',
32 silly addNameRange     '0.4.2-alpha.8f28c56e',
32 silly addNameRange     '0.5.0',
32 silly addNameRange     '0.6.0',
32 silly addNameRange     '0.6.0-alpha.e756d73a',
32 silly addNameRange     '0.6.0-alpha.9c45b252',
32 silly addNameRange     '0.7.0',
32 silly addNameRange     '1.0.0',
32 silly addNameRange     '1.0.1',
32 silly addNameRange     '1.0.2',
32 silly addNameRange     '1.0.3',
32 silly addNameRange     '1.0.4',
32 silly addNameRange     '1.1.0',
32 silly addNameRange     '1.2.0',
32 silly addNameRange     '1.2.1',
32 silly addNameRange     '1.3.0',
32 silly addNameRange     '1.3.0-alpha.58689133',
32 silly addNameRange     '1.3.0-alpha.dadf93b2',
32 silly addNameRange     '1.3.0-alpha.134d2297',
32 silly addNameRange     '1.3.0-alpha.e280254d',
32 silly addNameRange     '1.3.0-alpha.c82c4f05',
32 silly addNameRange     '1.3.0-alpha.0d0536f9',
32 silly addNameRange     '1.3.0-alpha.02968ecd',
32 silly addNameRange     '1.3.0-alpha.55afd862',
32 silly addNameRange     '1.3.1',
32 silly addNameRange     '1.3.1-alpha.60ae2b6d',
32 silly addNameRange     '1.3.2',
32 silly addNameRange     '1.3.3',
32 silly addNameRange     '1.4.0',
32 silly addNameRange     '1.4.1',
32 silly addNameRange     '1.4.2',
32 silly addNameRange     '1.4.3',
32 silly addNameRange     '1.5.0',
32 silly addNameRange     '2.0.0-next.096703ab',
32 silly addNameRange     '2.0.0-next.9754a231',
32 silly addNameRange     '1.5.1',
32 silly addNameRange     '2.0.0-next.03604a46',
32 silly addNameRange     '2.0.0-next.47d2d941',
32 silly addNameRange     '1.5.2',
32 silly addNameRange     '2.0.0-next.b2fd8db8',
32 silly addNameRange     '2.0.0-next.66cc7a90',
32 silly addNameRange     '2.0.0-next.3e165448',
32 silly addNameRange     '2.0.0-next.a671462c',
32 silly addNameRange     '2.0.0-next.2150693d',
32 silly addNameRange     '2.0.0-next.fb6e6f70',
32 silly addNameRange     '2.0.0',
32 silly addNameRange     '2.0.1',
32 silly addNameRange     '2.0.2',
32 silly addNameRange     '2.0.3',
32 silly addNameRange     '2.0.4',
32 silly addNameRange     '2.0.5-next.9b4009d7',
32 silly addNameRange     '2.0.5-next.c662dfb0',
32 silly addNameRange     '2.1.0',
32 silly addNameRange     '2.1.1',
32 silly addNameRange     '2.1.2',
32 silly addNameRange     '2.1.3-next.6a95aae9',
32 silly addNameRange     '2.1.3',
32 silly addNameRange     '2.1.4',
32 silly addNameRange     '2.1.5',
32 silly addNameRange     '2.1.6',
32 silly addNameRange     '2.1.7',
32 silly addNameRange     '2.1.8',
32 silly addNameRange     '3.0.0-next.b0cbf2ca',
32 silly addNameRange     '3.0.0-next.68',
32 silly addNameRange     '3.0.0',
32 silly addNameRange     '3.0.1',
32 silly addNameRange     '3.1.0',
32 silly addNameRange     '3.1.1',
32 silly addNameRange     '3.1.2',
32 silly addNameRange     '3.2.0',
32 silly addNameRange     '3.3.0-next.38',
32 silly addNameRange     '3.3.0-next.39',
32 silly addNameRange     '3.3.0-next.62',
32 silly addNameRange     '3.3.0-next.80',
32 silly addNameRange     '3.3.0',
32 silly addNameRange     '3.3.1',
32 silly addNameRange     '3.4.0',
32 silly addNameRange     '3.4.1',
32 silly addNameRange     '4.0.0-next.64',
32 silly addNameRange     '4.0.0-next.77',
32 silly addNameRange     '4.0.0-next.96',
32 silly addNameRange     '4.0.0-next.98',
32 silly addNameRange     '4.0.0-next.116',
32 silly addNameRange     '4.0.0-next.117',
32 silly addNameRange     '4.0.0',
32 silly addNameRange     '4.0.1',
32 silly addNameRange     '4.0.2',
32 silly addNameRange     '4.0.3' ] ]
33 verbose addNamed [ 'create-react-app', '4.0.3' ]
34 verbose addNamed [ '4.0.3', '4.0.3' ]
35 silly lockFile 4b1259ad-create-react-app-4-0-3 create-react-app@4.0.3
36 verbose lock create-react-app@4.0.3 C:\Users\lenovo\AppData\Roaming\npm-cache\4b1259ad-create-react-app-4-0-3.lock
37 silly lockFile 2b9cff8f-t-app-create-react-app-4-0-3-tgz https://registry.npmjs.org/create-react-app/-/create-react-app-4.0.3.tgz
38 verbose lock https://registry.npmjs.org/create-react-app/-/create-react-app-4.0.3.tgz C:\Users\lenovo\AppData\Roaming\npm-cache\2b9cff8f-t-app-create-react-app-4-0-3-tgz.lock
39 verbose addRemoteTarball [ 'https://registry.npmjs.org/create-react-app/-/create-react-app-4.0.3.tgz',
39 verbose addRemoteTarball   '7220aa0837308f63fe0e56e65867f0bb2b6786de' ]
40 info retry fetch attempt 1 at 18:40:44
41 verbose fetch to= C:\Users\lenovo\AppData\Local\Temp\npm-6320-HqJHu6OP\registry.npmjs.org\create-react-app\-\create-react-app-4.0.3.tgz
42 http GET https://registry.npmjs.org/create-react-app/-/create-react-app-4.0.3.tgz
43 error fetch failed https://registry.npmjs.org/create-react-app/-/create-react-app-4.0.3.tgz
44 info retry will retry, error on last attempt: Error: socket hang up
45 info retry fetch attempt 2 at 18:41:14
46 verbose fetch to= C:\Users\lenovo\AppData\Local\Temp\npm-6320-HqJHu6OP\registry.npmjs.org\create-react-app\-\create-react-app-4.0.3.tgz
47 http GET https://registry.npmjs.org/create-react-app/-/create-react-app-4.0.3.tgz
48 error fetch failed https://registry.npmjs.org/create-react-app/-/create-react-app-4.0.3.tgz
49 info retry will retry, error on last attempt: Error: read ECONNRESET
50 info retry fetch attempt 3 at 18:42:30
51 verbose fetch to= C:\Users\lenovo\AppData\Local\Temp\npm-6320-HqJHu6OP\registry.npmjs.org\create-react-app\-\create-react-app-4.0.3.tgz
52 http GET https://registry.npmjs.org/create-react-app/-/create-react-app-4.0.3.tgz
53 error fetch failed https://registry.npmjs.org/create-react-app/-/create-react-app-4.0.3.tgz
54 silly lockFile 2b9cff8f-t-app-create-react-app-4-0-3-tgz https://registry.npmjs.org/create-react-app/-/create-react-app-4.0.3.tgz
55 silly lockFile 2b9cff8f-t-app-create-react-app-4-0-3-tgz https://registry.npmjs.org/create-react-app/-/create-react-app-4.0.3.tgz
56 silly lockFile 4b1259ad-create-react-app-4-0-3 create-react-app@4.0.3
57 silly lockFile 4b1259ad-create-react-app-4-0-3 create-react-app@4.0.3
58 silly lockFile e90bd262-create-react-app create-react-app@
59 silly lockFile e90bd262-create-react-app create-react-app@
60 error network read ECONNRESET
60 error network This is most likely not a problem with npm itself
60 error network and is related to network connectivity.
60 error network In most cases you are behind a proxy or have bad network settings.
60 error network
60 error network If you are behind a proxy, please make sure that the
60 error network 'proxy' config is set properly.  See: 'npm help config'
61 error System Windows_NT 6.2.9200
62 error command "C:\\Program Files\\nodejs\\\\node.exe" "C:\\Program Files\\nodejs\\node_modules\\npm\\bin\\npm-cli.js" "install" "-g" "create-react-app"
63 error cwd C:\Projects
64 error node -v v0.10.40
65 error npm -v 1.4.28
66 error syscall read
67 error code ECONNRESET
68 error errno ECONNRESET
69 verbose exit [ 1, true ]
